<?xml version="1.0" encoding="UTF-8"?>
<!-- Generated by org.testng.reporters.JUnitReportReporter -->
<testsuite hostname="LAPTOP-CPOE8M1M" failures="0" tests="2" name="Login.LoginUserFail" time="25.608" errors="0" timestamp="2024-09-26T19:42:55 ART" skipped="0">
  <testcase classname="Login.LoginUserFail" name="LoginUserFail" time="12.288"/>
  <testcase classname="Login.LoginUserFail" name="LoginUserFail" time="13.320"/>
</testsuite> <!-- Login.LoginUserFail -->
