<?xml version="1.0" encoding="UTF-8"?>
<!-- Generated by org.testng.reporters.JUnitReportReporter -->
<testsuite hostname="LAPTOP-CPOE8M1M" failures="0" tests="2" name="Login.LoginTest" time="9.262" errors="0" timestamp="2024-09-26T19:42:55 ART" skipped="0">
  <testcase classname="Login.LoginTest" name="LoginExitoso" time="3.212"/>
  <testcase classname="Login.LoginTest" name="LoginExitoso" time="6.050"/>
</testsuite> <!-- Login.LoginTest -->
