<?xml version="1.0" encoding="UTF-8"?>
<!-- Generated by org.testng.reporters.JUnitReportReporter -->
<testsuite hostname="LAPTOP-CPOE8M1M" failures="0" tests="2" name="CarritoCompras.ContinuarComprandoTest" time="6.147" errors="0" timestamp="2024-09-26T19:42:55 ART" skipped="0">
  <testcase classname="CarritoCompras.ContinuarComprandoTest" name="continuarCompra" time="2.883"/>
  <testcase classname="CarritoCompras.ContinuarComprandoTest" name="continuarCompra" time="3.264"/>
</testsuite> <!-- CarritoCompras.ContinuarComprandoTest -->
