<?xml version="1.0" encoding="UTF-8"?>
<!-- Generated by org.testng.reporters.JUnitReportReporter -->
<testsuite hostname="LAPTOP-CPOE8M1M" failures="0" tests="1" name="WebServices.WebServiceTest" time="3.401" errors="0" timestamp="2024-09-26T19:42:55 ART" skipped="0">
  <testcase classname="WebServices.WebServiceTest" name="verificarDepartamentos" time="3.401"/>
</testsuite> <!-- WebServices.WebServiceTest -->
