<?xml version="1.0" encoding="UTF-8"?>
<!-- Generated by org.testng.reporters.JUnitReportReporter -->
<testsuite hostname="LAPTOP-CPOE8M1M" failures="0" tests="2" name="Login.LoginUserBloqueado" time="27.580" errors="0" timestamp="2024-09-26T19:42:55 ART" skipped="0">
  <testcase classname="Login.LoginUserBloqueado" name="LoginUserBloqueado" time="15.313"/>
  <testcase classname="Login.LoginUserBloqueado" name="LoginUserBloqueado" time="12.267"/>
</testsuite> <!-- Login.LoginUserBloqueado -->
