<?xml version="1.0" encoding="UTF-8"?>
<!-- Generated by org.testng.reporters.JUnitReportReporter -->
<testsuite hostname="LAPTOP-CPOE8M1M" failures="0" tests="2" name="CarritoCompras.EliminarProductoTest" time="13.230" errors="0" timestamp="2024-09-26T19:42:55 ART" skipped="0">
  <testcase classname="CarritoCompras.EliminarProductoTest" name="eliminarProducto" time="6.325"/>
  <testcase classname="CarritoCompras.EliminarProductoTest" name="eliminarProducto" time="6.905"/>
</testsuite> <!-- CarritoCompras.EliminarProductoTest -->
